  Application.cpp
D:\GitHub\NewClockWorkEngine\NewClockWorkEngine\MathGeoLib\src\Geometry\AABB2D.h(110,3): warning C4996: 'sprintf': This function or variable may be unsafe. Consider using sprintf_s instead. To disable deprecation, use _CRT_SECURE_NO_WARNINGS. See online help for details.
D:\GitHub\NewClockWorkEngine\NewClockWorkEngine\Brofiler\Brofiler.h(265,1): warning C4005: 'PROFILE': redefinición de macro
D:\GitHub\NewClockWorkEngine\NewClockWorkEngine\MathGeoLib\src\Geometry\QuadTree.h(23): message : vea la definición anterior de 'PROFILE'
D:\GitHub\NewClockWorkEngine\NewClockWorkEngine\Application.cpp(178,20): warning C4244: 'inicializando': conversión de 'double' a 'int'; posible pérdida de datos
  Color.cpp
  FileSystem.cpp
D:\GitHub\NewClockWorkEngine\NewClockWorkEngine\MathGeoLib\src\Geometry\AABB2D.h(110,3): warning C4996: 'sprintf': This function or variable may be unsafe. Consider using sprintf_s instead. To disable deprecation, use _CRT_SECURE_NO_WARNINGS. See online help for details.
D:\GitHub\NewClockWorkEngine\NewClockWorkEngine\Brofiler\Brofiler.h(265,1): warning C4005: 'PROFILE': redefinición de macro
D:\GitHub\NewClockWorkEngine\NewClockWorkEngine\MathGeoLib\src\Geometry\QuadTree.h(23): message : vea la definición anterior de 'PROFILE'
  The contents of <filesystem> are available only with C++17 or later.
D:\GitHub\NewClockWorkEngine\NewClockWorkEngine\FileSystem.cpp(250,20): warning C4018: '<': no coinciden signed/unsigned
  Light.cpp
  Main.cpp
D:\GitHub\NewClockWorkEngine\NewClockWorkEngine\MathGeoLib\src\Geometry\AABB2D.h(110,3): warning C4996: 'sprintf': This function or variable may be unsafe. Consider using sprintf_s instead. To disable deprecation, use _CRT_SECURE_NO_WARNINGS. See online help for details.
D:\GitHub\NewClockWorkEngine\NewClockWorkEngine\Brofiler\Brofiler.h(265,1): warning C4005: 'PROFILE': redefinición de macro
D:\GitHub\NewClockWorkEngine\NewClockWorkEngine\MathGeoLib\src\Geometry\QuadTree.h(23): message : vea la definición anterior de 'PROFILE'
  ModuleCamera3D.cpp
D:\GitHub\NewClockWorkEngine\NewClockWorkEngine\MathGeoLib\src\Geometry\AABB2D.h(110,3): warning C4996: 'sprintf': This function or variable may be unsafe. Consider using sprintf_s instead. To disable deprecation, use _CRT_SECURE_NO_WARNINGS. See online help for details.
D:\GitHub\NewClockWorkEngine\NewClockWorkEngine\Brofiler\Brofiler.h(265,1): warning C4005: 'PROFILE': redefinición de macro
D:\GitHub\NewClockWorkEngine\NewClockWorkEngine\MathGeoLib\src\Geometry\QuadTree.h(23): message : vea la definición anterior de 'PROFILE'
  ModuleGui.cpp
D:\GitHub\NewClockWorkEngine\NewClockWorkEngine\MathGeoLib\src\Geometry\AABB2D.h(110,3): warning C4996: 'sprintf': This function or variable may be unsafe. Consider using sprintf_s instead. To disable deprecation, use _CRT_SECURE_NO_WARNINGS. See online help for details.
D:\GitHub\NewClockWorkEngine\NewClockWorkEngine\Brofiler\Brofiler.h(265,1): warning C4005: 'PROFILE': redefinición de macro
D:\GitHub\NewClockWorkEngine\NewClockWorkEngine\MathGeoLib\src\Geometry\QuadTree.h(23): message : vea la definición anterior de 'PROFILE'
  ModuleImporter.cpp
D:\GitHub\NewClockWorkEngine\NewClockWorkEngine\MathGeoLib\src\Geometry\AABB2D.h(110,3): warning C4996: 'sprintf': This function or variable may be unsafe. Consider using sprintf_s instead. To disable deprecation, use _CRT_SECURE_NO_WARNINGS. See online help for details.
D:\GitHub\NewClockWorkEngine\NewClockWorkEngine\Brofiler\Brofiler.h(265,1): warning C4005: 'PROFILE': redefinición de macro
D:\GitHub\NewClockWorkEngine\NewClockWorkEngine\MathGeoLib\src\Geometry\QuadTree.h(23): message : vea la definición anterior de 'PROFILE'
D:\GitHub\NewClockWorkEngine\NewClockWorkEngine\ModuleImporter.cpp(34,27): warning C4018: '<': no coinciden signed/unsigned
D:\GitHub\NewClockWorkEngine\NewClockWorkEngine\ModuleImporter.cpp(72,35): warning C4018: '<': no coinciden signed/unsigned
  ModuleInput.cpp
D:\GitHub\NewClockWorkEngine\NewClockWorkEngine\MathGeoLib\src\Geometry\AABB2D.h(110,3): warning C4996: 'sprintf': This function or variable may be unsafe. Consider using sprintf_s instead. To disable deprecation, use _CRT_SECURE_NO_WARNINGS. See online help for details.
D:\GitHub\NewClockWorkEngine\NewClockWorkEngine\Brofiler\Brofiler.h(265,1): warning C4005: 'PROFILE': redefinición de macro
D:\GitHub\NewClockWorkEngine\NewClockWorkEngine\MathGeoLib\src\Geometry\QuadTree.h(23): message : vea la definición anterior de 'PROFILE'
D:\GitHub\NewClockWorkEngine\NewClockWorkEngine\ModuleInput.cpp(98,8): warning C4101: 'dropped_file': variable local sin referencia
  ModuleMaterial.cpp
D:\GitHub\NewClockWorkEngine\NewClockWorkEngine\MathGeoLib\src\Geometry\AABB2D.h(110,3): warning C4996: 'sprintf': This function or variable may be unsafe. Consider using sprintf_s instead. To disable deprecation, use _CRT_SECURE_NO_WARNINGS. See online help for details.
D:\GitHub\NewClockWorkEngine\NewClockWorkEngine\Brofiler\Brofiler.h(265,1): warning C4005: 'PROFILE': redefinición de macro
D:\GitHub\NewClockWorkEngine\NewClockWorkEngine\MathGeoLib\src\Geometry\QuadTree.h(23): message : vea la definición anterior de 'PROFILE'
  ModuleMesh.cpp
D:\GitHub\NewClockWorkEngine\NewClockWorkEngine\MathGeoLib\src\Geometry\AABB2D.h(110,3): warning C4996: 'sprintf': This function or variable may be unsafe. Consider using sprintf_s instead. To disable deprecation, use _CRT_SECURE_NO_WARNINGS. See online help for details.
D:\GitHub\NewClockWorkEngine\NewClockWorkEngine\Brofiler\Brofiler.h(265,1): warning C4005: 'PROFILE': redefinición de macro
D:\GitHub\NewClockWorkEngine\NewClockWorkEngine\MathGeoLib\src\Geometry\QuadTree.h(23): message : vea la definición anterior de 'PROFILE'
  ModuleRenderer3D.cpp
D:\GitHub\NewClockWorkEngine\NewClockWorkEngine\MathGeoLib\src\Geometry\AABB2D.h(110,3): warning C4996: 'sprintf': This function or variable may be unsafe. Consider using sprintf_s instead. To disable deprecation, use _CRT_SECURE_NO_WARNINGS. See online help for details.
D:\GitHub\NewClockWorkEngine\NewClockWorkEngine\Brofiler\Brofiler.h(265,1): warning C4005: 'PROFILE': redefinición de macro
D:\GitHub\NewClockWorkEngine\NewClockWorkEngine\MathGeoLib\src\Geometry\QuadTree.h(23): message : vea la definición anterior de 'PROFILE'
D:\GitHub\NewClockWorkEngine\NewClockWorkEngine\ModuleRenderer3D.cpp(346,6): warning C4551: la llamada a la función no tiene lista de argumentos
  ModuleSceneIntro.cpp
D:\GitHub\NewClockWorkEngine\NewClockWorkEngine\MathGeoLib\src\Geometry\AABB2D.h(110,3): warning C4996: 'sprintf': This function or variable may be unsafe. Consider using sprintf_s instead. To disable deprecation, use _CRT_SECURE_NO_WARNINGS. See online help for details.
D:\GitHub\NewClockWorkEngine\NewClockWorkEngine\Brofiler\Brofiler.h(265,1): warning C4005: 'PROFILE': redefinición de macro
D:\GitHub\NewClockWorkEngine\NewClockWorkEngine\MathGeoLib\src\Geometry\QuadTree.h(23): message : vea la definición anterior de 'PROFILE'
  ModuleWindow.cpp
D:\GitHub\NewClockWorkEngine\NewClockWorkEngine\MathGeoLib\src\Geometry\AABB2D.h(110,3): warning C4996: 'sprintf': This function or variable may be unsafe. Consider using sprintf_s instead. To disable deprecation, use _CRT_SECURE_NO_WARNINGS. See online help for details.
D:\GitHub\NewClockWorkEngine\NewClockWorkEngine\Brofiler\Brofiler.h(265,1): warning C4005: 'PROFILE': redefinición de macro
D:\GitHub\NewClockWorkEngine\NewClockWorkEngine\MathGeoLib\src\Geometry\QuadTree.h(23): message : vea la definición anterior de 'PROFILE'
  Primitive.cpp
D:\GitHub\NewClockWorkEngine\NewClockWorkEngine\Primitive.cpp(198,11): warning C4244: 'inicializando': conversión de 'double' a 'float'; posible pérdida de datos
D:\GitHub\NewClockWorkEngine\NewClockWorkEngine\Primitive.cpp(199,52): warning C4244: 'argumento': conversión de 'double' a 'GLfloat'; posible pérdida de datos
D:\GitHub\NewClockWorkEngine\NewClockWorkEngine\Primitive.cpp(199,35): warning C4244: 'argumento': conversión de 'double' a 'GLfloat'; posible pérdida de datos
D:\GitHub\NewClockWorkEngine\NewClockWorkEngine\Primitive.cpp(208,11): warning C4244: 'inicializando': conversión de 'double' a 'float'; posible pérdida de datos
D:\GitHub\NewClockWorkEngine\NewClockWorkEngine\Primitive.cpp(209,53): warning C4244: 'argumento': conversión de 'double' a 'GLfloat'; posible pérdida de datos
D:\GitHub\NewClockWorkEngine\NewClockWorkEngine\Primitive.cpp(209,36): warning C4244: 'argumento': conversión de 'double' a 'GLfloat'; posible pérdida de datos
D:\GitHub\NewClockWorkEngine\NewClockWorkEngine\Primitive.cpp(217,11): warning C4244: 'inicializando': conversión de 'double' a 'float'; posible pérdida de datos
D:\GitHub\NewClockWorkEngine\NewClockWorkEngine\Primitive.cpp(219,52): warning C4244: 'argumento': conversión de 'double' a 'GLfloat'; posible pérdida de datos
D:\GitHub\NewClockWorkEngine\NewClockWorkEngine\Primitive.cpp(219,35): warning C4244: 'argumento': conversión de 'double' a 'GLfloat'; posible pérdida de datos
D:\GitHub\NewClockWorkEngine\NewClockWorkEngine\Primitive.cpp(220,52): warning C4244: 'argumento': conversión de 'double' a 'GLfloat'; posible pérdida de datos
D:\GitHub\NewClockWorkEngine\NewClockWorkEngine\Primitive.cpp(220,35): warning C4244: 'argumento': conversión de 'double' a 'GLfloat'; posible pérdida de datos
  Win_About.cpp
D:\GitHub\NewClockWorkEngine\NewClockWorkEngine\MathGeoLib\src\Geometry\AABB2D.h(110,3): warning C4996: 'sprintf': This function or variable may be unsafe. Consider using sprintf_s instead. To disable deprecation, use _CRT_SECURE_NO_WARNINGS. See online help for details.
D:\GitHub\NewClockWorkEngine\NewClockWorkEngine\Brofiler\Brofiler.h(265,1): warning C4005: 'PROFILE': redefinición de macro
D:\GitHub\NewClockWorkEngine\NewClockWorkEngine\MathGeoLib\src\Geometry\QuadTree.h(23): message : vea la definición anterior de 'PROFILE'
  Win_Configuration.cpp
D:\GitHub\NewClockWorkEngine\NewClockWorkEngine\MathGeoLib\src\Geometry\AABB2D.h(110,3): warning C4996: 'sprintf': This function or variable may be unsafe. Consider using sprintf_s instead. To disable deprecation, use _CRT_SECURE_NO_WARNINGS. See online help for details.
D:\GitHub\NewClockWorkEngine\NewClockWorkEngine\Brofiler\Brofiler.h(265,1): warning C4005: 'PROFILE': redefinición de macro
D:\GitHub\NewClockWorkEngine\NewClockWorkEngine\MathGeoLib\src\Geometry\QuadTree.h(23): message : vea la definición anterior de 'PROFILE'
D:\GitHub\NewClockWorkEngine\NewClockWorkEngine\Win_Configuration.cpp(93,12): warning C4244: 'inicializando': conversión de 'float' a 'int'; posible pérdida de datos
D:\GitHub\NewClockWorkEngine\NewClockWorkEngine\Win_Configuration.cpp(95,71): warning C4244: '=': conversión de 'int' a 'float'; posible pérdida de datos
D:\GitHub\NewClockWorkEngine\NewClockWorkEngine\Win_Configuration.cpp(101,24): warning C4244: 'argumento': conversión de 'int' a 'const _Ty'; posible pérdida de datos
          with
          [
              _Ty=float
          ]
D:\GitHub\NewClockWorkEngine\NewClockWorkEngine\Win_Configuration.cpp(64,45): warning C4390: ';': se encontró una instrucción controlada vacía; ¿es esa la intención?
D:\GitHub\NewClockWorkEngine\NewClockWorkEngine\Win_Configuration.cpp(123,50): warning C4390: ';': se encontró una instrucción controlada vacía; ¿es esa la intención?
  Win_Hierarchy.cpp
D:\GitHub\NewClockWorkEngine\NewClockWorkEngine\MathGeoLib\src\Geometry\AABB2D.h(110,3): warning C4996: 'sprintf': This function or variable may be unsafe. Consider using sprintf_s instead. To disable deprecation, use _CRT_SECURE_NO_WARNINGS. See online help for details.
D:\GitHub\NewClockWorkEngine\NewClockWorkEngine\Brofiler\Brofiler.h(265,1): warning C4005: 'PROFILE': redefinición de macro
D:\GitHub\NewClockWorkEngine\NewClockWorkEngine\MathGeoLib\src\Geometry\QuadTree.h(23): message : vea la definición anterior de 'PROFILE'
  Win_Inspector.cpp
D:\GitHub\NewClockWorkEngine\NewClockWorkEngine\MathGeoLib\src\Geometry\AABB2D.h(110,3): warning C4996: 'sprintf': This function or variable may be unsafe. Consider using sprintf_s instead. To disable deprecation, use _CRT_SECURE_NO_WARNINGS. See online help for details.
D:\GitHub\NewClockWorkEngine\NewClockWorkEngine\Brofiler\Brofiler.h(265,1): warning C4005: 'PROFILE': redefinición de macro
D:\GitHub\NewClockWorkEngine\NewClockWorkEngine\MathGeoLib\src\Geometry\QuadTree.h(23): message : vea la definición anterior de 'PROFILE'
  log.cpp
D:\GitHub\NewClockWorkEngine\NewClockWorkEngine\MathGeoLib\src\Geometry\AABB2D.h(110,3): warning C4996: 'sprintf': This function or variable may be unsafe. Consider using sprintf_s instead. To disable deprecation, use _CRT_SECURE_NO_WARNINGS. See online help for details.
D:\GitHub\NewClockWorkEngine\NewClockWorkEngine\Brofiler\Brofiler.h(265,1): warning C4005: 'PROFILE': redefinición de macro
D:\GitHub\NewClockWorkEngine\NewClockWorkEngine\MathGeoLib\src\Geometry\QuadTree.h(23): message : vea la definición anterior de 'PROFILE'
  Generando código...
  3D Physics.vcxproj -> D:\GitHub\NewClockWorkEngine\NewClockWorkEngine\Debug\NewClockWork Engine.exe
